<?xml version="1.0" encoding="UTF-8"?>
<!-- Generated by org.testng.reporters.JUnitReportReporter -->
<testsuite hostname="DESKTOP-4VBBEJ4" failures="0" tests="1" name="org.task.Task" time="2.775" errors="0" timestamp="06 Jun 2024 13:29:36 GMT" skipped="0">
  <testcase classname="org.task.Task" name="method1" time="2.775"/>
</testsuite> <!-- org.task.Task -->
